2024-02-19 01:12:57: Info: /Users/jayshah/.vscode/extensions/oracle.mysql-shell-for-vs-code-1.14.2-darwin-arm64/shell/bin/mysqlsh   Ver 8.1.1-g2 for macos13 on arm64 - for MySQL 8.1.0 (MySQL Community Server (GPL)) - build 12914698 - commit_id 49c753ad55f63fa4f21f0265ce945071ac54b60f
2024-02-19 01:12:57: Info: Using credential store helper: /Users/jayshah/.vscode/extensions/oracle.mysql-shell-for-vs-code-1.14.2-darwin-arm64/shell/bin/mysql-secret-store-keychain
2024-02-19 01:12:57: Info: Setting Python home to '/Users/jayshah/.vscode/extensions/oracle.mysql-shell-for-vs-code-1.14.2-darwin-arm64/shell/lib/mysqlsh'
2024-02-19 01:12:57: Info: Loading startup files...
2024-02-19 01:12:57: Info: Loading plugins...
2024-02-19 01:12:58: Info: [MSG] Token read from STDIN
2024-02-19 01:12:58: Info: [MSG] Starting MySQL Shell GUI web server...
2024-02-19 01:12:58: Info: [MSG] 	Checking web server certificate...
2024-02-19 01:12:58: Info: [MSG] 	Certificate is not installed. Use gui.core.installShellWebCertificate() to install one.
2024-02-19 01:13:10: Info: /Users/jayshah/.vscode/extensions/oracle.mysql-shell-for-vs-code-1.14.2-darwin-arm64/shell/bin/mysqlsh   Ver 8.1.1-g2 for macos13 on arm64 - for MySQL 8.1.0 (MySQL Community Server (GPL)) - build 12914698 - commit_id 49c753ad55f63fa4f21f0265ce945071ac54b60f
2024-02-19 01:13:10: Info: Using credential store helper: /Users/jayshah/.vscode/extensions/oracle.mysql-shell-for-vs-code-1.14.2-darwin-arm64/shell/bin/mysql-secret-store-keychain
2024-02-19 01:13:10: Info: Setting Python home to '/Users/jayshah/.vscode/extensions/oracle.mysql-shell-for-vs-code-1.14.2-darwin-arm64/shell/lib/mysqlsh'
2024-02-19 01:13:10: Info: Loading startup files...
2024-02-19 01:13:10: Info: Loading plugins...
2024-02-19 01:13:11: Info: [MSG] Token read from STDIN
2024-02-19 01:13:11: Info: [MSG] Starting MySQL Shell GUI web server...
2024-02-19 01:13:11: Info: [MSG] 	Checking web server certificate...
2024-02-19 01:13:11: Info: [MSG] 	Certificate is not installed. Use gui.core.installShellWebCertificate() to install one.
2024-02-20 19:19:25: Info: /Users/jayshah/.vscode/extensions/oracle.mysql-shell-for-vs-code-1.14.2-darwin-arm64/shell/bin/mysqlsh   Ver 8.1.1-g2 for macos13 on arm64 - for MySQL 8.1.0 (MySQL Community Server (GPL)) - build 12914698 - commit_id 49c753ad55f63fa4f21f0265ce945071ac54b60f
2024-02-20 19:19:25: Info: Using credential store helper: /Users/jayshah/.vscode/extensions/oracle.mysql-shell-for-vs-code-1.14.2-darwin-arm64/shell/bin/mysql-secret-store-keychain
2024-02-20 19:19:25: Info: Setting Python home to '/Users/jayshah/.vscode/extensions/oracle.mysql-shell-for-vs-code-1.14.2-darwin-arm64/shell/lib/mysqlsh'
2024-02-20 19:19:25: Info: Loading startup files...
2024-02-20 19:19:25: Info: Loading plugins...
2024-02-20 19:19:26: Info: [MSG] Token read from STDIN
2024-02-20 19:19:26: Info: [MSG] Starting MySQL Shell GUI web server...
2024-02-20 19:19:26: Info: [MSG] 	Checking web server certificate...
2024-02-20 19:19:26: Info: [MSG] 	Certificate is not installed. Use gui.core.installShellWebCertificate() to install one.
2024-02-20 19:19:47: Info: /Users/jayshah/.vscode/extensions/oracle.mysql-shell-for-vs-code-1.14.2-darwin-arm64/shell/bin/mysqlsh   Ver 8.1.1-g2 for macos13 on arm64 - for MySQL 8.1.0 (MySQL Community Server (GPL)) - build 12914698 - commit_id 49c753ad55f63fa4f21f0265ce945071ac54b60f
2024-02-20 19:19:47: Info: Using credential store helper: /Users/jayshah/.vscode/extensions/oracle.mysql-shell-for-vs-code-1.14.2-darwin-arm64/shell/bin/mysql-secret-store-keychain
2024-02-20 19:19:47: Info: Setting Python home to '/Users/jayshah/.vscode/extensions/oracle.mysql-shell-for-vs-code-1.14.2-darwin-arm64/shell/lib/mysqlsh'
2024-02-20 19:19:47: Info: Loading startup files...
2024-02-20 19:19:47: Info: Loading plugins...
2024-02-20 19:19:48: Info: [MSG] Token read from STDIN
2024-02-20 19:19:48: Info: [MSG] Starting MySQL Shell GUI web server...
2024-02-20 19:19:48: Info: [MSG] 	Checking web server certificate...
2024-02-20 19:19:48: Info: [MSG] 	Certificate is not installed. Use gui.core.installShellWebCertificate() to install one.
2024-02-20 19:21:10: Info: /Users/jayshah/.vscode/extensions/oracle.mysql-shell-for-vs-code-1.14.2-darwin-arm64/shell/bin/mysqlsh   Ver 8.1.1-g2 for macos13 on arm64 - for MySQL 8.1.0 (MySQL Community Server (GPL)) - build 12914698 - commit_id 49c753ad55f63fa4f21f0265ce945071ac54b60f
2024-02-20 19:21:11: Info: Using credential store helper: /Users/jayshah/.vscode/extensions/oracle.mysql-shell-for-vs-code-1.14.2-darwin-arm64/shell/bin/mysql-secret-store-keychain
2024-02-20 19:21:11: Info: Setting Python home to '/Users/jayshah/.vscode/extensions/oracle.mysql-shell-for-vs-code-1.14.2-darwin-arm64/shell/lib/mysqlsh'
2024-02-20 19:21:11: Info: Loading startup files...
2024-02-20 19:21:11: Info: Loading plugins...
2024-02-20 19:21:11: Info: [MSG] Token read from STDIN
2024-02-20 19:21:11: Info: [MSG] Starting MySQL Shell GUI web server...
2024-02-20 19:21:11: Info: [MSG] 	Checking web server certificate...
2024-02-20 19:21:11: Info: [MSG] 	Certificate is not installed. Use gui.core.installShellWebCertificate() to install one.
2024-02-20 19:26:44: Info: /Users/jayshah/.vscode/extensions/oracle.mysql-shell-for-vs-code-1.14.2-darwin-arm64/shell/bin/mysqlsh   Ver 8.1.1-g2 for macos13 on arm64 - for MySQL 8.1.0 (MySQL Community Server (GPL)) - build 12914698 - commit_id 49c753ad55f63fa4f21f0265ce945071ac54b60f
2024-02-20 19:26:44: Info: Using credential store helper: /Users/jayshah/.vscode/extensions/oracle.mysql-shell-for-vs-code-1.14.2-darwin-arm64/shell/bin/mysql-secret-store-keychain
2024-02-20 19:26:44: Info: Setting Python home to '/Users/jayshah/.vscode/extensions/oracle.mysql-shell-for-vs-code-1.14.2-darwin-arm64/shell/lib/mysqlsh'
2024-02-20 19:26:44: Info: Loading startup files...
2024-02-20 19:26:44: Info: Loading plugins...
2024-02-20 19:26:44: Info: [MSG] Token read from STDIN
2024-02-20 19:26:44: Info: [MSG] Starting MySQL Shell GUI web server...
2024-02-20 19:26:44: Info: [MSG] 	Checking web server certificate...
2024-02-20 19:26:44: Info: [MSG] 	Certificate is not installed. Use gui.core.installShellWebCertificate() to install one.
2024-02-20 19:48:06: Info: /Users/jayshah/.vscode/extensions/oracle.mysql-shell-for-vs-code-1.14.2-darwin-arm64/shell/bin/mysqlsh   Ver 8.1.1-g2 for macos13 on arm64 - for MySQL 8.1.0 (MySQL Community Server (GPL)) - build 12914698 - commit_id 49c753ad55f63fa4f21f0265ce945071ac54b60f
2024-02-20 19:48:06: Info: Using credential store helper: /Users/jayshah/.vscode/extensions/oracle.mysql-shell-for-vs-code-1.14.2-darwin-arm64/shell/bin/mysql-secret-store-keychain
2024-02-20 19:48:06: Info: Setting Python home to '/Users/jayshah/.vscode/extensions/oracle.mysql-shell-for-vs-code-1.14.2-darwin-arm64/shell/lib/mysqlsh'
2024-02-20 19:48:06: Info: Loading startup files...
2024-02-20 19:48:06: Info: Loading plugins...
