0 verbose cli /usr/local/bin/node /usr/local/bin/npm
1 info using npm@10.1.0
2 info using node@v20.8.0
3 timing npm:load:whichnode Completed in 1ms
4 timing config:load:defaults Completed in 1ms
5 timing config:load:file:/usr/local/lib/node_modules/npm/npmrc Completed in 0ms
6 timing config:load:builtin Completed in 0ms
7 timing config:load:cli Completed in 1ms
8 timing config:load:env Completed in 1ms
9 timing config:load:file:/Users/jayshah/Library/Caches/typescript/5.0/.npmrc Completed in 0ms
10 timing config:load:project Completed in 0ms
11 timing config:load:file:/Users/jayshah/.npmrc Completed in 0ms
12 timing config:load:user Completed in 0ms
13 timing config:load:file:/usr/local/etc/npmrc Completed in 0ms
14 timing config:load:global Completed in 0ms
15 timing config:load:setEnvs Completed in 1ms
16 timing config:load Completed in 4ms
17 timing npm:load:configload Completed in 4ms
18 timing config:load:flatten Completed in 0ms
19 timing npm:load:mkdirpcache Completed in 1ms
20 timing npm:load:mkdirplogs Completed in 0ms
21 verbose title npm install @types/react@ts5.0 @types/react-dom@ts5.0 @types/react-vertical-timeline-component@ts5.0 @types/three@ts5.0
22 verbose argv "install" "--ignore-scripts" "@types/react@ts5.0" "@types/react-dom@ts5.0" "@types/react-vertical-timeline-component@ts5.0" "@types/three@ts5.0" "--save-dev" "--user-agent" "typesInstaller/5.0.4"
23 timing npm:load:setTitle Completed in 7ms
24 timing npm:load:display Completed in 1ms
25 verbose logfile logs-max:10 dir:/Users/jayshah/.npm/_logs/2023-10-02T05_48_19_352Z-
26 verbose logfile /Users/jayshah/.npm/_logs/2023-10-02T05_48_19_352Z-debug-0.log
27 timing npm:load:logFile Completed in 4ms
28 timing npm:load:timers Completed in 0ms
29 timing npm:load:configScope Completed in 0ms
30 timing npm:load Completed in 23ms
31 timing arborist:ctor Completed in 0ms
32 silly logfile done cleaning log files
33 timing idealTree:init Completed in 12ms
34 timing arborist:ctor Completed in 0ms
35 http fetch GET 200 https://registry.npmjs.org/@types%2freact-vertical-timeline-component 12ms (cache hit)
36 http fetch GET 200 https://registry.npmjs.org/@types%2fthree 13ms (cache hit)
37 http fetch GET 200 https://registry.npmjs.org/@types%2freact 16ms (cache hit)
38 http fetch GET 200 https://registry.npmjs.org/@types%2freact-dom 16ms (cache hit)
39 timing idealTree:userRequests Completed in 18ms
40 silly idealTree buildDeps
41 silly fetch manifest @types/react@18.2.24
42 silly fetch manifest @types/react-dom@18.2.8
43 silly fetch manifest @types/react-vertical-timeline-component@3.3.4
44 silly fetch manifest @types/three@0.156.0
45 silly placeDep ROOT @types/react@18.2.24 REPLACE for:  want: 18.2.24
46 silly placeDep ROOT @types/react-dom@18.2.8 REPLACE for:  want: 18.2.8
47 silly placeDep ROOT @types/react-vertical-timeline-component@3.3.4 REPLACE for:  want: 3.3.4
48 silly placeDep ROOT @types/three@0.156.0 REPLACE for:  want: 0.156.0
49 timing idealTree:#root Completed in 6ms
50 timing idealTree:node_modules/@types/react Completed in 0ms
51 timing idealTree:node_modules/@types/react-dom Completed in 0ms
52 timing idealTree:node_modules/@types/react-vertical-timeline-component Completed in 0ms
53 timing idealTree:node_modules/@types/three Completed in 0ms
54 timing idealTree:buildDeps Completed in 6ms
55 timing idealTree:fixDepFlags Completed in 1ms
56 timing idealTree Completed in 37ms
57 timing reify:loadTrees Completed in 37ms
58 timing reify:diffTrees Completed in 0ms
59 silly reify moves {}
60 timing reify:retireShallow Completed in 0ms
61 timing reify:createSparse Completed in 0ms
62 timing reify:loadBundles Completed in 0ms
63 silly audit bulk request {
63 silly audit   '@types/prop-types': [ '15.7.8' ],
63 silly audit   '@types/react-scroll': [ '1.8.8' ],
63 silly audit   '@types/scheduler': [ '0.16.4' ],
63 silly audit   '@types/stats.js': [ '0.17.1' ],
63 silly audit   '@types/webxr': [ '0.5.5' ],
63 silly audit   csstype: [ '3.1.2' ],
63 silly audit   fflate: [ '0.6.10' ],
63 silly audit   meshoptimizer: [ '0.18.1' ],
63 silly audit   'types-registry': [ '0.1.663' ],
63 silly audit   '@types/react': [ '18.2.24' ],
63 silly audit   '@types/react-dom': [ '18.2.8' ],
63 silly audit   '@types/react-vertical-timeline-component': [ '3.3.4' ],
63 silly audit   '@types/three': [ '0.156.0' ]
63 silly audit }
64 timing reify:unpack Completed in 1ms
65 timing reify:unretire Completed in 19ms
66 timing build:queue Completed in 0ms
67 timing build:deps Completed in 0ms
68 timing build Completed in 0ms
69 timing reify:build Completed in 1ms
70 timing reify:trash Completed in 0ms
71 timing reify:save Completed in 5ms
72 http fetch POST 200 https://registry.npmjs.org/-/npm/v1/security/advisories/bulk 273ms
73 timing auditReport:getReport Completed in 275ms
74 silly audit report {}
75 timing auditReport:init Completed in 0ms
76 timing reify:audit Completed in 276ms
77 timing reify Completed in 316ms
78 timing command:install Completed in 320ms
79 verbose exit 0
80 timing npm Completed in 409ms
81 info ok
