0 verbose cli /usr/local/bin/node /usr/local/bin/npm
1 info using npm@10.1.0
2 info using node@v20.8.0
3 timing npm:load:whichnode Completed in 0ms
4 timing config:load:defaults Completed in 0ms
5 timing config:load:file:/usr/local/lib/node_modules/npm/npmrc Completed in 1ms
6 timing config:load:builtin Completed in 1ms
7 timing config:load:cli Completed in 1ms
8 timing config:load:env Completed in 0ms
9 timing config:load:file:/Users/jayshah/Library/Caches/typescript/5.0/.npmrc Completed in 0ms
10 timing config:load:project Completed in 0ms
11 timing config:load:file:/Users/jayshah/.npmrc Completed in 0ms
12 timing config:load:user Completed in 1ms
13 timing config:load:file:/usr/local/etc/npmrc Completed in 0ms
14 timing config:load:global Completed in 0ms
15 timing config:load:setEnvs Completed in 0ms
16 timing config:load Completed in 3ms
17 timing npm:load:configload Completed in 3ms
18 timing config:load:flatten Completed in 1ms
19 timing npm:load:mkdirpcache Completed in 1ms
20 timing npm:load:mkdirplogs Completed in 1ms
21 verbose title npm install types-registry@latest
22 verbose argv "install" "--ignore-scripts" "types-registry@latest"
23 timing npm:load:setTitle Completed in 5ms
24 timing npm:load:display Completed in 0ms
25 verbose logfile logs-max:10 dir:/Users/jayshah/.npm/_logs/2023-10-02T04_39_29_310Z-
26 verbose logfile /Users/jayshah/.npm/_logs/2023-10-02T04_39_29_310Z-debug-0.log
27 timing npm:load:logFile Completed in 4ms
28 timing npm:load:timers Completed in 0ms
29 timing npm:load:configScope Completed in 0ms
30 timing npm:load Completed in 22ms
31 timing arborist:ctor Completed in 0ms
32 silly logfile done cleaning log files
33 timing arborist:ctor Completed in 0ms
34 timing idealTree:init Completed in 5ms
35 http fetch GET 200 https://registry.npmjs.org/types-registry 336ms (cache miss)
36 timing idealTree:userRequests Completed in 342ms
37 silly idealTree buildDeps
38 silly fetch manifest types-registry@0.1.663
39 silly placeDep ROOT types-registry@0.1.663 OK for:  want: 0.1.663
40 timing idealTree:#root Completed in 6ms
41 timing idealTree:node_modules/types-registry Completed in 0ms
42 timing idealTree:buildDeps Completed in 6ms
43 timing idealTree:fixDepFlags Completed in 1ms
44 timing idealTree Completed in 354ms
45 timing reify:loadTrees Completed in 354ms
46 timing reify:diffTrees Completed in 1ms
47 silly reify moves {}
48 timing reify:retireShallow Completed in 1ms
49 timing reify:createSparse Completed in 1ms
50 timing reify:loadBundles Completed in 0ms
51 silly audit bulk request { 'types-registry': [ '0.1.663' ] }
52 silly tarball no local data for types-registry@https://registry.npmjs.org/types-registry/-/types-registry-0.1.663.tgz. Extracting by manifest.
53 http fetch POST 200 https://registry.npmjs.org/-/npm/v1/security/advisories/bulk 125ms
54 timing auditReport:getReport Completed in 125ms
55 silly audit report {}
56 timing auditReport:init Completed in 0ms
57 timing reify:audit Completed in 127ms
58 http fetch GET 200 https://registry.npmjs.org/types-registry/-/types-registry-0.1.663.tgz 305ms (cache miss)
59 timing reifyNode:node_modules/types-registry Completed in 311ms
60 timing reify:unpack Completed in 311ms
61 timing reify:unretire Completed in 0ms
62 timing build:queue Completed in 0ms
63 timing build:deps Completed in 0ms
64 timing build Completed in 0ms
65 timing reify:build Completed in 0ms
66 timing reify:trash Completed in 0ms
67 timing reify:save Completed in 4ms
68 timing reify Completed in 705ms
69 silly ADD node_modules/types-registry
70 timing command:install Completed in 707ms
71 verbose exit 0
72 timing npm Completed in 839ms
73 info ok
