0 verbose cli /usr/local/bin/node /usr/local/bin/npm
1 info using npm@10.1.0
2 info using node@v20.8.0
3 timing npm:load:whichnode Completed in 0ms
4 timing config:load:defaults Completed in 1ms
5 timing config:load:file:/usr/local/lib/node_modules/npm/npmrc Completed in 0ms
6 timing config:load:builtin Completed in 0ms
7 timing config:load:cli Completed in 1ms
8 timing config:load:env Completed in 0ms
9 timing config:load:file:/Users/jayshah/Library/Caches/typescript/5.0/.npmrc Completed in 0ms
10 timing config:load:project Completed in 1ms
11 timing config:load:file:/Users/jayshah/.npmrc Completed in 0ms
12 timing config:load:user Completed in 0ms
13 timing config:load:file:/usr/local/etc/npmrc Completed in 0ms
14 timing config:load:global Completed in 0ms
15 timing config:load:setEnvs Completed in 0ms
16 timing config:load Completed in 3ms
17 timing npm:load:configload Completed in 3ms
18 timing config:load:flatten Completed in 1ms
19 timing npm:load:mkdirpcache Completed in 1ms
20 timing npm:load:mkdirplogs Completed in 0ms
21 verbose title npm install @types/react@ts5.0 @types/react-dom@ts5.0 @types/react-vertical-timeline-component@ts5.0 @types/three@ts5.0
22 verbose argv "install" "--ignore-scripts" "@types/react@ts5.0" "@types/react-dom@ts5.0" "@types/react-vertical-timeline-component@ts5.0" "@types/three@ts5.0" "--save-dev" "--user-agent" "typesInstaller/5.0.4"
23 timing npm:load:setTitle Completed in 6ms
24 timing npm:load:display Completed in 0ms
25 verbose logfile logs-max:10 dir:/Users/jayshah/.npm/_logs/2023-10-02T05_43_46_601Z-
26 verbose logfile /Users/jayshah/.npm/_logs/2023-10-02T05_43_46_601Z-debug-0.log
27 timing npm:load:logFile Completed in 4ms
28 timing npm:load:timers Completed in 0ms
29 timing npm:load:configScope Completed in 0ms
30 timing npm:load Completed in 20ms
31 timing arborist:ctor Completed in 0ms
32 silly logfile done cleaning log files
33 timing idealTree:init Completed in 10ms
34 timing arborist:ctor Completed in 0ms
35 http fetch GET 200 https://registry.npmjs.org/@types%2freact-dom 255ms (cache revalidated)
36 http fetch GET 200 https://registry.npmjs.org/@types%2freact 258ms (cache revalidated)
37 http fetch GET 200 https://registry.npmjs.org/@types%2freact-vertical-timeline-component 687ms (cache miss)
38 http fetch GET 200 https://registry.npmjs.org/@types%2fthree 739ms (cache miss)
39 timing idealTree:userRequests Completed in 742ms
40 silly idealTree buildDeps
41 silly fetch manifest @types/react@18.2.24
42 silly fetch manifest @types/react-dom@18.2.8
43 silly fetch manifest @types/react-vertical-timeline-component@3.3.4
44 silly fetch manifest @types/three@0.156.0
45 silly placeDep ROOT @types/react@18.2.24 REPLACE for:  want: 18.2.24
46 silly placeDep ROOT @types/react-dom@18.2.8 REPLACE for:  want: 18.2.8
47 silly placeDep ROOT @types/react-vertical-timeline-component@3.3.4 OK for:  want: 3.3.4
48 silly placeDep ROOT @types/three@0.156.0 OK for:  want: 0.156.0
49 silly fetch manifest @types/stats.js@*
50 silly fetch manifest @types/webxr@*
51 silly fetch manifest fflate@~0.6.10
52 silly fetch manifest meshoptimizer@~0.18.1
53 http fetch GET 200 https://registry.npmjs.org/fflate 121ms (cache miss)
54 http fetch GET 200 https://registry.npmjs.org/meshoptimizer 304ms (cache miss)
55 http fetch GET 200 https://registry.npmjs.org/@types%2fstats.js 537ms (cache miss)
56 http fetch GET 200 https://registry.npmjs.org/@types%2fwebxr 552ms (cache miss)
57 timing idealTree:#root Completed in 562ms
58 timing idealTree:node_modules/@types/react Completed in 0ms
59 timing idealTree:node_modules/@types/react-dom Completed in 0ms
60 timing idealTree:node_modules/@types/react-vertical-timeline-component Completed in 0ms
61 silly placeDep ROOT @types/stats.js@0.17.1 OK for: @types/three@0.156.0 want: *
62 silly placeDep ROOT @types/webxr@0.5.5 OK for: @types/three@0.156.0 want: *
63 silly placeDep ROOT fflate@0.6.10 OK for: @types/three@0.156.0 want: ~0.6.10
64 silly placeDep ROOT meshoptimizer@0.18.1 OK for: @types/three@0.156.0 want: ~0.18.1
65 timing idealTree:node_modules/@types/three Completed in 5ms
66 timing idealTree:node_modules/@types/stats.js Completed in 0ms
67 timing idealTree:node_modules/@types/webxr Completed in 0ms
68 timing idealTree:node_modules/fflate Completed in 0ms
69 timing idealTree:node_modules/meshoptimizer Completed in 0ms
70 timing idealTree:buildDeps Completed in 568ms
71 timing idealTree:fixDepFlags Completed in 0ms
72 timing idealTree Completed in 1321ms
73 timing reify:loadTrees Completed in 1321ms
74 timing reify:diffTrees Completed in 2ms
75 silly reify moves {}
76 timing reify:retireShallow Completed in 1ms
77 timing reify:createSparse Completed in 0ms
78 timing reify:loadBundles Completed in 0ms
79 silly audit bulk request {
79 silly audit   '@types/prop-types': [ '15.7.8' ],
79 silly audit   '@types/react-scroll': [ '1.8.8' ],
79 silly audit   '@types/scheduler': [ '0.16.4' ],
79 silly audit   csstype: [ '3.1.2' ],
79 silly audit   'types-registry': [ '0.1.663' ],
79 silly audit   '@types/react': [ '18.2.24' ],
79 silly audit   '@types/react-dom': [ '18.2.8' ],
79 silly audit   '@types/react-vertical-timeline-component': [ '3.3.4' ],
79 silly audit   '@types/three': [ '0.156.0' ],
79 silly audit   '@types/stats.js': [ '0.17.1' ],
79 silly audit   '@types/webxr': [ '0.5.5' ],
79 silly audit   fflate: [ '0.6.10' ],
79 silly audit   meshoptimizer: [ '0.18.1' ]
79 silly audit }
80 silly tarball no local data for meshoptimizer@https://registry.npmjs.org/meshoptimizer/-/meshoptimizer-0.18.1.tgz. Extracting by manifest.
81 silly tarball no local data for @types/webxr@https://registry.npmjs.org/@types/webxr/-/webxr-0.5.5.tgz. Extracting by manifest.
82 silly tarball no local data for @types/stats.js@https://registry.npmjs.org/@types/stats.js/-/stats.js-0.17.1.tgz. Extracting by manifest.
83 silly tarball no local data for @types/three@https://registry.npmjs.org/@types/three/-/three-0.156.0.tgz. Extracting by manifest.
84 silly tarball no local data for fflate@https://registry.npmjs.org/fflate/-/fflate-0.6.10.tgz. Extracting by manifest.
85 silly tarball no local data for @types/react-vertical-timeline-component@https://registry.npmjs.org/@types/react-vertical-timeline-component/-/react-vertical-timeline-component-3.3.4.tgz. Extracting by manifest.
86 http fetch GET 200 https://registry.npmjs.org/meshoptimizer/-/meshoptimizer-0.18.1.tgz 66ms (cache miss)
87 timing reifyNode:node_modules/meshoptimizer Completed in 72ms
88 http fetch POST 200 https://registry.npmjs.org/-/npm/v1/security/advisories/bulk 116ms
89 timing auditReport:getReport Completed in 119ms
90 silly audit report {}
91 timing auditReport:init Completed in 0ms
92 timing reify:audit Completed in 120ms
93 http fetch GET 200 https://registry.npmjs.org/fflate/-/fflate-0.6.10.tgz 220ms (cache miss)
94 timing reifyNode:node_modules/fflate Completed in 228ms
95 http fetch GET 200 https://registry.npmjs.org/@types/stats.js/-/stats.js-0.17.1.tgz 315ms (cache miss)
96 timing reifyNode:node_modules/@types/stats.js Completed in 322ms
97 http fetch GET 200 https://registry.npmjs.org/@types/webxr/-/webxr-0.5.5.tgz 337ms (cache miss)
98 timing reifyNode:node_modules/@types/webxr Completed in 344ms
99 http fetch GET 200 https://registry.npmjs.org/@types/react-vertical-timeline-component/-/react-vertical-timeline-component-3.3.4.tgz 488ms (cache miss)
100 timing reifyNode:node_modules/@types/react-vertical-timeline-component Completed in 497ms
101 http fetch GET 200 https://registry.npmjs.org/@types/three/-/three-0.156.0.tgz 568ms (cache miss)
102 timing reifyNode:node_modules/@types/three Completed in 576ms
103 timing reify:unpack Completed in 576ms
104 timing reify:unretire Completed in 0ms
105 timing build:queue Completed in 1ms
106 timing build:deps Completed in 1ms
107 timing build Completed in 1ms
108 timing reify:build Completed in 1ms
109 timing reify:trash Completed in 0ms
110 timing reify:save Completed in 5ms
111 timing reify Completed in 1916ms
112 silly ADD node_modules/meshoptimizer
113 silly ADD node_modules/fflate
114 silly ADD node_modules/@types/webxr
115 silly ADD node_modules/@types/stats.js
116 silly ADD node_modules/@types/three
117 silly ADD node_modules/@types/react-vertical-timeline-component
118 timing command:install Completed in 1918ms
119 verbose exit 0
120 timing npm Completed in 2003ms
121 info ok
