0 verbose cli /usr/local/bin/node /usr/local/bin/npm
1 info using npm@10.1.0
2 info using node@v20.8.0
3 timing npm:load:whichnode Completed in 1ms
4 timing config:load:defaults Completed in 1ms
5 timing config:load:file:/usr/local/lib/node_modules/npm/npmrc Completed in 0ms
6 timing config:load:builtin Completed in 1ms
7 timing config:load:cli Completed in 1ms
8 timing config:load:env Completed in 1ms
9 timing config:load:file:/Users/jayshah/Library/Caches/typescript/5.0/.npmrc Completed in 0ms
10 timing config:load:project Completed in 1ms
11 timing config:load:file:/Users/jayshah/.npmrc Completed in 0ms
12 timing config:load:user Completed in 0ms
13 timing config:load:file:/usr/local/etc/npmrc Completed in 1ms
14 timing config:load:global Completed in 1ms
15 timing config:load:setEnvs Completed in 0ms
16 timing config:load Completed in 6ms
17 timing npm:load:configload Completed in 6ms
18 timing config:load:flatten Completed in 3ms
19 timing npm:load:mkdirpcache Completed in 1ms
20 timing npm:load:mkdirplogs Completed in 0ms
21 verbose title npm install types-registry@latest
22 verbose argv "install" "--ignore-scripts" "types-registry@latest"
23 timing npm:load:setTitle Completed in 7ms
24 timing npm:load:display Completed in 1ms
25 verbose logfile logs-max:10 dir:/Users/jayshah/.npm/_logs/2023-10-02T15_27_27_153Z-
26 verbose logfile /Users/jayshah/.npm/_logs/2023-10-02T15_27_27_153Z-debug-0.log
27 timing npm:load:logFile Completed in 11ms
28 timing npm:load:timers Completed in 0ms
29 timing npm:load:configScope Completed in 0ms
30 timing npm:load Completed in 41ms
31 timing arborist:ctor Completed in 0ms
32 silly logfile done cleaning log files
33 timing idealTree:init Completed in 12ms
34 timing arborist:ctor Completed in 0ms
35 http fetch GET 200 https://registry.npmjs.org/types-registry 244ms (cache revalidated)
36 timing idealTree:userRequests Completed in 249ms
37 silly idealTree buildDeps
38 silly fetch manifest types-registry@0.1.663
39 silly placeDep ROOT types-registry@0.1.663 REPLACE for:  want: 0.1.663
40 timing idealTree:#root Completed in 5ms
41 timing idealTree:node_modules/types-registry Completed in 0ms
42 timing idealTree:buildDeps Completed in 5ms
43 timing idealTree:fixDepFlags Completed in 0ms
44 timing idealTree Completed in 267ms
45 timing reify:loadTrees Completed in 267ms
46 timing reify:diffTrees Completed in 1ms
47 silly reify moves {}
48 timing reify:retireShallow Completed in 1ms
49 timing reify:createSparse Completed in 0ms
50 timing reify:loadBundles Completed in 0ms
51 silly audit bulk request {
51 silly audit   '@types/prop-types': [ '15.7.8' ],
51 silly audit   '@types/react': [ '18.2.24' ],
51 silly audit   '@types/react-dom': [ '18.2.8' ],
51 silly audit   '@types/react-scroll': [ '1.8.8' ],
51 silly audit   '@types/react-vertical-timeline-component': [ '3.3.4' ],
51 silly audit   '@types/scheduler': [ '0.16.4' ],
51 silly audit   '@types/stats.js': [ '0.17.1' ],
51 silly audit   '@types/three': [ '0.156.0' ],
51 silly audit   '@types/webxr': [ '0.5.5' ],
51 silly audit   csstype: [ '3.1.2' ],
51 silly audit   fflate: [ '0.6.10' ],
51 silly audit   meshoptimizer: [ '0.18.1' ],
51 silly audit   'types-registry': [ '0.1.663' ]
51 silly audit }
52 timing reify:unpack Completed in 0ms
53 timing reify:unretire Completed in 0ms
54 timing build:queue Completed in 0ms
55 timing build:deps Completed in 0ms
56 timing build Completed in 0ms
57 timing reify:build Completed in 0ms
58 timing reify:trash Completed in 0ms
59 timing reify:save Completed in 9ms
60 http fetch POST 200 https://registry.npmjs.org/-/npm/v1/security/advisories/bulk 108ms
61 timing auditReport:getReport Completed in 109ms
62 silly audit report {}
63 timing auditReport:init Completed in 0ms
64 timing reify:audit Completed in 109ms
65 timing reify Completed in 382ms
66 timing command:install Completed in 384ms
67 verbose exit 0
68 timing npm Completed in 565ms
69 info ok
