0 verbose cli /usr/local/bin/node /usr/local/bin/npm
1 info using npm@10.2.4
2 info using node@v20.11.0
3 timing npm:load:whichnode Completed in 0ms
4 timing config:load:defaults Completed in 1ms
5 timing config:load:file:/usr/local/lib/node_modules/npm/npmrc Completed in 1ms
6 timing config:load:builtin Completed in 1ms
7 timing config:load:cli Completed in 1ms
8 timing config:load:env Completed in 0ms
9 timing config:load:project Completed in 0ms
10 timing config:load:file:/Users/jayshah/.npmrc Completed in 0ms
11 timing config:load:user Completed in 1ms
12 timing config:load:file:/usr/local/etc/npmrc Completed in 0ms
13 timing config:load:global Completed in 0ms
14 timing config:load:setEnvs Completed in 0ms
15 timing config:load Completed in 4ms
16 timing npm:load:configload Completed in 4ms
17 timing config:load:flatten Completed in 1ms
18 timing npm:load:mkdirpcache Completed in 0ms
19 timing npm:load:mkdirplogs Completed in 0ms
20 verbose title npm run start
21 verbose argv "run" "start"
22 timing npm:load:setTitle Completed in 7ms
23 timing npm:load:display Completed in 1ms
24 verbose logfile logs-max:10 dir:/Users/jayshah/.npm/_logs/2024-02-10T18_02_01_350Z-
25 verbose logfile /Users/jayshah/.npm/_logs/2024-02-10T18_02_01_350Z-debug-0.log
26 timing npm:load:logFile Completed in 3ms
27 timing npm:load:timers Completed in 0ms
28 timing npm:load:configScope Completed in 0ms
29 timing npm:load Completed in 24ms
30 silly logfile start cleaning logs, removing 1 files
31 silly logfile done cleaning log files
32 timing command:run Completed in 6ms
33 verbose stack Error: Missing script: "start"
33 verbose stack
33 verbose stack Did you mean one of these?
33 verbose stack     npm star # Mark your favorite packages
33 verbose stack     npm stars # View packages marked as favorites
33 verbose stack
33 verbose stack To see a list of scripts, run:
33 verbose stack   npm run
33 verbose stack     at RunScript.run (/usr/local/lib/node_modules/npm/lib/commands/run-script.js:94:13)
33 verbose stack     at async module.exports (/usr/local/lib/node_modules/npm/lib/cli-entry.js:61:5)
34 verbose cwd /Users/jayshah
35 verbose Darwin 23.2.0
36 verbose node v20.11.0
37 verbose npm  v10.2.4
38 error Missing script: "start"
38 error
38 error Did you mean one of these?
38 error     npm star # Mark your favorite packages
38 error     npm stars # View packages marked as favorites
38 error
38 error To see a list of scripts, run:
38 error   npm run
39 verbose exit 1
40 timing npm Completed in 63ms
41 verbose code 1
42 error A complete log of this run can be found in: /Users/jayshah/.npm/_logs/2024-02-10T18_02_01_350Z-debug-0.log
